6/24/2023, 9:20:21 PM [error] error: global error handler => [
  {
    "code": "invalid_type",
    "expected": "string",
    "received": "undefined",
    "path": [
      "body",
      "role"
    ],
    "message": "Role is required"
  }
]
6/24/2023, 9:20:55 PM [error] error: global error handler => [
  {
    "code": "invalid_type",
    "expected": "string",
    "received": "undefined",
    "path": [
      "body",
      "role"
    ],
    "message": "Role is required"
  }
]
6/24/2023, 9:20:58 PM [error] error: global error handler => [
  {
    "code": "invalid_type",
    "expected": "string",
    "received": "undefined",
    "path": [
      "body",
      "role"
    ],
    "message": "Role is required"
  }
]
6/24/2023, 9:21:22 PM [error] error: global error handler => [
  {
    "code": "invalid_type",
    "expected": "string",
    "received": "undefined",
    "path": [
      "body",
      "role"
    ],
    "message": "Role is required"
  }
]
